<?xml version="1.0" encoding="UTF-8"?>
<testsuite xmlns:xsi="http://www.w3.org/2001/XMLSchema-instance" xsi:noNamespaceSchemaLocation="https://maven.apache.org/surefire/maven-surefire-plugin/xsd/surefire-test-report.xsd" name="org.acme.resteasy.HelloResourceTest" time="13.772" tests="1" errors="0" skipped="0" failures="0">
  <properties>
    <property name="sun.desktop" value="windows"/>
    <property name="awt.toolkit" value="sun.awt.windows.WToolkit"/>
    <property name="java.specification.version" value="11"/>
    <property name="sun.cpu.isalist" value="amd64"/>
    <property name="sun.jnu.encoding" value="Cp1252"/>
    <property name="java.class.path" value="D:\Workspaces\Eclipse\micro-service-retiro\target\test-classes;D:\Workspaces\Eclipse\micro-service-retiro\target\classes;C:\Users\mnola\.m2\repository\io\quarkus\quarkus-resteasy\1.9.2.Final\quarkus-resteasy-1.9.2.Final.jar;C:\Users\mnola\.m2\repository\io\quarkus\quarkus-vertx-http\1.9.2.Final\quarkus-vertx-http-1.9.2.Final.jar;C:\Users\mnola\.m2\repository\io\quarkus\quarkus-security-runtime-spi\1.9.2.Final\quarkus-security-runtime-spi-1.9.2.Final.jar;C:\Users\mnola\.m2\repository\io\quarkus\quarkus-development-mode-spi\1.9.2.Final\quarkus-development-mode-spi-1.9.2.Final.jar;C:\Users\mnola\.m2\repository\io\quarkus\security\quarkus-security\1.1.3.Final\quarkus-security-1.1.3.Final.jar;C:\Users\mnola\.m2\repository\io\quarkus\quarkus-vertx-core\1.9.2.Final\quarkus-vertx-core-1.9.2.Final.jar;C:\Users\mnola\.m2\repository\io\quarkus\quarkus-netty\1.9.2.Final\quarkus-netty-1.9.2.Final.jar;C:\Users\mnola\.m2\repository\io\netty\netty-codec\4.1.49.Final\netty-codec-4.1.49.Final.jar;C:\Users\mnola\.m2\repository\io\vertx\vertx-web\3.9.4\vertx-web-3.9.4.jar;C:\Users\mnola\.m2\repository\io\vertx\vertx-web-common\3.9.4\vertx-web-common-3.9.4.jar;C:\Users\mnola\.m2\repository\io\vertx\vertx-auth-common\3.9.4\vertx-auth-common-3.9.4.jar;C:\Users\mnola\.m2\repository\io\vertx\vertx-bridge-common\3.9.4\vertx-bridge-common-3.9.4.jar;C:\Users\mnola\.m2\repository\io\quarkus\quarkus-resteasy-server-common\1.9.2.Final\quarkus-resteasy-server-common-1.9.2.Final.jar;C:\Users\mnola\.m2\repository\jakarta\validation\jakarta.validation-api\2.0.2\jakarta.validation-api-2.0.2.jar;C:\Users\mnola\.m2\repository\io\quarkus\quarkus-jdbc-mssql\1.9.2.Final\quarkus-jdbc-mssql-1.9.2.Final.jar;C:\Users\mnola\.m2\repository\com\microsoft\sqlserver\mssql-jdbc\7.2.2.jre8\mssql-jdbc-7.2.2.jre8.jar;C:\Users\mnola\.m2\repository\com\microsoft\azure\adal4j\1.6.3\adal4j-1.6.3.jar;C:\Users\mnola\.m2\repository\com\nimbusds\oauth2-oidc-sdk\5.64.4\oauth2-oidc-sdk-5.64.4.jar;C:\Users\mnola\.m2\repository\io\quarkus\quarkus-arc\1.9.2.Final\quarkus-arc-1.9.2.Final.jar;C:\Users\mnola\.m2\repository\io\quarkus\arc\arc\1.9.2.Final\arc-1.9.2.Final.jar;C:\Users\mnola\.m2\repository\jakarta\enterprise\jakarta.enterprise.cdi-api\2.0.2\jakarta.enterprise.cdi-api-2.0.2.jar;C:\Users\mnola\.m2\repository\jakarta\el\jakarta.el-api\3.0.3\jakarta.el-api-3.0.3.jar;C:\Users\mnola\.m2\repository\org\jboss\logging\jboss-logging\3.4.1.Final\jboss-logging-3.4.1.Final.jar;C:\Users\mnola\.m2\repository\io\quarkus\quarkus-core\1.9.2.Final\quarkus-core-1.9.2.Final.jar;C:\Users\mnola\.m2\repository\io\quarkus\quarkus-ide-launcher\1.9.2.Final\quarkus-ide-launcher-1.9.2.Final.jar;C:\Users\mnola\.m2\repository\io\smallrye\config\smallrye-config\1.9.3\smallrye-config-1.9.3.jar;C:\Users\mnola\.m2\repository\io\smallrye\config\smallrye-config-common\1.9.3\smallrye-config-common-1.9.3.jar;C:\Users\mnola\.m2\repository\io\smallrye\common\smallrye-common-expression\1.4.0\smallrye-common-expression-1.4.0.jar;C:\Users\mnola\.m2\repository\io\smallrye\common\smallrye-common-function\1.4.0\smallrye-common-function-1.4.0.jar;C:\Users\mnola\.m2\repository\io\smallrye\common\smallrye-common-constraint\1.4.0\smallrye-common-constraint-1.4.0.jar;C:\Users\mnola\.m2\repository\io\smallrye\common\smallrye-common-classloader\1.4.0\smallrye-common-classloader-1.4.0.jar;C:\Users\mnola\.m2\repository\org\ow2\asm\asm\8.0.1\asm-8.0.1.jar;C:\Users\mnola\.m2\repository\org\jboss\logmanager\jboss-logmanager-embedded\1.0.6\jboss-logmanager-embedded-1.0.6.jar;C:\Users\mnola\.m2\repository\org\jboss\logging\jboss-logging-annotations\2.1.0.Final\jboss-logging-annotations-2.1.0.Final.jar;C:\Users\mnola\.m2\repository\org\jboss\threads\jboss-threads\3.1.1.Final\jboss-threads-3.1.1.Final.jar;C:\Users\mnola\.m2\repository\org\slf4j\slf4j-api\1.7.30\slf4j-api-1.7.30.jar;C:\Users\mnola\.m2\repository\org\jboss\slf4j\slf4j-jboss-logging\1.2.0.Final\slf4j-jboss-logging-1.2.0.Final.jar;C:\Users\mnola\.m2\repository\org\graalvm\sdk\graal-sdk\20.2.0\graal-sdk-20.2.0.jar;C:\Users\mnola\.m2\repository\org\wildfly\common\wildfly-common\1.5.4.Final-format-001\wildfly-common-1.5.4.Final-format-001.jar;C:\Users\mnola\.m2\repository\io\quarkus\quarkus-bootstrap-runner\1.9.2.Final\quarkus-bootstrap-runner-1.9.2.Final.jar;C:\Users\mnola\.m2\repository\org\eclipse\microprofile\context-propagation\microprofile-context-propagation-api\1.0.1\microprofile-context-propagation-api-1.0.1.jar;C:\Users\mnola\.m2\repository\io\quarkus\quarkus-jdbc-postgresql\1.9.2.Final\quarkus-jdbc-postgresql-1.9.2.Final.jar;C:\Users\mnola\.m2\repository\org\postgresql\postgresql\42.2.16\postgresql-42.2.16.jar;C:\Users\mnola\.m2\repository\io\quarkus\quarkus-hibernate-orm\1.9.2.Final\quarkus-hibernate-orm-1.9.2.Final.jar;C:\Users\mnola\.m2\repository\io\quarkus\quarkus-agroal\1.9.2.Final\quarkus-agroal-1.9.2.Final.jar;C:\Users\mnola\.m2\repository\io\quarkus\quarkus-datasource\1.9.2.Final\quarkus-datasource-1.9.2.Final.jar;C:\Users\mnola\.m2\repository\io\quarkus\quarkus-datasource-common\1.9.2.Final\quarkus-datasource-common-1.9.2.Final.jar;C:\Users\mnola\.m2\repository\org\jboss\narayana\jta\narayana-jta\5.10.6.Final\narayana-jta-5.10.6.Final.jar;C:\Users\mnola\.m2\repository\org\jboss\jboss-transaction-spi\7.6.0.Final\jboss-transaction-spi-7.6.0.Final.jar;C:\Users\mnola\.m2\repository\org\jboss\spec\javax\resource\jboss-connector-api_1.7_spec\1.0.0.Final\jboss-connector-api_1.7_spec-1.0.0.Final.jar;C:\Users\mnola\.m2\repository\org\jboss\narayana\jts\narayana-jts-integration\5.10.6.Final\narayana-jts-integration-5.10.6.Final.jar;C:\Users\mnola\.m2\repository\io\agroal\agroal-api\1.8\agroal-api-1.8.jar;C:\Users\mnola\.m2\repository\io\agroal\agroal-narayana\1.8\agroal-narayana-1.8.jar;C:\Users\mnola\.m2\repository\io\agroal\agroal-pool\1.8\agroal-pool-1.8.jar;C:\Users\mnola\.m2\repository\io\quarkus\quarkus-narayana-jta\1.9.2.Final\quarkus-narayana-jta-1.9.2.Final.jar;C:\Users\mnola\.m2\repository\io\quarkus\quarkus-mutiny\1.9.2.Final\quarkus-mutiny-1.9.2.Final.jar;C:\Users\mnola\.m2\repository\io\quarkus\quarkus-smallrye-context-propagation\1.9.2.Final\quarkus-smallrye-context-propagation-1.9.2.Final.jar;C:\Users\mnola\.m2\repository\io\smallrye\smallrye-context-propagation\1.0.13\smallrye-context-propagation-1.0.13.jar;C:\Users\mnola\.m2\repository\io\smallrye\smallrye-context-propagation-api\1.0.13\smallrye-context-propagation-api-1.0.13.jar;C:\Users\mnola\.m2\repository\io\smallrye\reactive\mutiny-context-propagation\0.9.0\mutiny-context-propagation-0.9.0.jar;C:\Users\mnola\.m2\repository\io\smallrye\smallrye-context-propagation-jta\1.0.13\smallrye-context-propagation-jta-1.0.13.jar;C:\Users\mnola\.m2\repository\io\smallrye\reactive\smallrye-reactive-converter-api\1.2.2\smallrye-reactive-converter-api-1.2.2.jar;C:\Users\mnola\.m2\repository\org\reactivestreams\reactive-streams\1.0.3\reactive-streams-1.0.3.jar;C:\Users\mnola\.m2\repository\io\smallrye\reactive\smallrye-reactive-converter-mutiny\1.2.2\smallrye-reactive-converter-mutiny-1.2.2.jar;C:\Users\mnola\.m2\repository\org\hibernate\hibernate-core\5.4.22.Final\hibernate-core-5.4.22.Final.jar;C:\Users\mnola\.m2\repository\net\bytebuddy\byte-buddy\1.10.10\byte-buddy-1.10.10.jar;C:\Users\mnola\.m2\repository\antlr\antlr\2.7.7\antlr-2.7.7.jar;C:\Users\mnola\.m2\repository\org\jboss\jandex\2.2.1.Final\jandex-2.2.1.Final.jar;C:\Users\mnola\.m2\repository\com\fasterxml\classmate\1.3.4\classmate-1.3.4.jar;C:\Users\mnola\.m2\repository\org\dom4j\dom4j\2.1.3\dom4j-2.1.3.jar;C:\Users\mnola\.m2\repository\org\hibernate\common\hibernate-commons-annotations\5.1.0.Final\hibernate-commons-annotations-5.1.0.Final.jar;C:\Users\mnola\.m2\repository\org\hibernate\hibernate-graalvm\5.4.22.Final\hibernate-graalvm-5.4.22.Final.jar;C:\Users\mnola\.m2\repository\org\glassfish\jaxb\jaxb-runtime\2.3.3-b02\jaxb-runtime-2.3.3-b02.jar;C:\Users\mnola\.m2\repository\org\glassfish\jaxb\txw2\2.3.3-b02\txw2-2.3.3-b02.jar;C:\Users\mnola\.m2\repository\com\sun\istack\istack-commons-runtime\3.0.10\istack-commons-runtime-3.0.10.jar;C:\Users\mnola\.m2\repository\com\sun\activation\jakarta.activation\1.2.1\jakarta.activation-1.2.1.jar;C:\Users\mnola\.m2\repository\org\jboss\spec\javax\xml\bind\jboss-jaxb-api_2.3_spec\2.0.0.Final\jboss-jaxb-api_2.3_spec-2.0.0.Final.jar;C:\Users\mnola\.m2\repository\jakarta\persistence\jakarta.persistence-api\2.2.3\jakarta.persistence-api-2.2.3.jar;C:\Users\mnola\.m2\repository\jakarta\transaction\jakarta.transaction-api\1.3.3\jakarta.transaction-api-1.3.3.jar;C:\Users\mnola\.m2\repository\org\hibernate\quarkus-local-cache\0.1.0\quarkus-local-cache-0.1.0.jar;C:\Users\mnola\.m2\repository\com\github\ben-manes\caffeine\caffeine\2.8.6\caffeine-2.8.6.jar;C:\Users\mnola\.m2\repository\org\checkerframework\checker-qual\2.5.2\checker-qual-2.5.2.jar;C:\Users\mnola\.m2\repository\com\google\errorprone\error_prone_annotations\2.2.0\error_prone_annotations-2.2.0.jar;C:\Users\mnola\.m2\repository\io\quarkus\quarkus-caffeine\1.9.2.Final\quarkus-caffeine-1.9.2.Final.jar;C:\Users\mnola\.m2\repository\io\quarkus\quarkus-resteasy-jsonb\1.9.2.Final\quarkus-resteasy-jsonb-1.9.2.Final.jar;C:\Users\mnola\.m2\repository\io\quarkus\quarkus-jsonb\1.9.2.Final\quarkus-jsonb-1.9.2.Final.jar;C:\Users\mnola\.m2\repository\org\eclipse\yasson\1.0.8\yasson-1.0.8.jar;C:\Users\mnola\.m2\repository\jakarta\json\jakarta.json-api\1.1.6\jakarta.json-api-1.1.6.jar;C:\Users\mnola\.m2\repository\org\jboss\resteasy\resteasy-json-binding-provider\4.5.8.Final\resteasy-json-binding-provider-4.5.8.Final.jar;C:\Users\mnola\.m2\repository\org\glassfish\jakarta.json\1.1.6\jakarta.json-1.1.6.jar;C:\Users\mnola\.m2\repository\jakarta\json\bind\jakarta.json.bind-api\1.0.2\jakarta.json.bind-api-1.0.2.jar;C:\Users\mnola\.m2\repository\org\jboss\resteasy\resteasy-json-p-provider\4.5.8.Final\resteasy-json-p-provider-4.5.8.Final.jar;C:\Users\mnola\.m2\repository\commons-io\commons-io\2.8.0\commons-io-2.8.0.jar;C:\Users\mnola\.m2\repository\io\quarkus\quarkus-hibernate-orm-panache\1.9.2.Final\quarkus-hibernate-orm-panache-1.9.2.Final.jar;C:\Users\mnola\.m2\repository\io\quarkus\quarkus-hibernate-orm-panache-common\1.9.2.Final\quarkus-hibernate-orm-panache-common-1.9.2.Final.jar;C:\Users\mnola\.m2\repository\io\quarkus\quarkus-panache-hibernate-common\1.9.2.Final\quarkus-panache-hibernate-common-1.9.2.Final.jar;C:\Users\mnola\.m2\repository\io\quarkus\quarkus-panache-common\1.9.2.Final\quarkus-panache-common-1.9.2.Final.jar;C:\Users\mnola\.m2\repository\org\junit\jupiter\junit-jupiter-api\5.7.0\junit-jupiter-api-5.7.0.jar;C:\Users\mnola\.m2\repository\org\apiguardian\apiguardian-api\1.1.0\apiguardian-api-1.1.0.jar;C:\Users\mnola\.m2\repository\org\opentest4j\opentest4j\1.2.0\opentest4j-1.2.0.jar;C:\Users\mnola\.m2\repository\org\junit\platform\junit-platform-commons\1.7.0\junit-platform-commons-1.7.0.jar;C:\Users\mnola\.m2\repository\io\quarkus\quarkus-smallrye-reactive-messaging-kafka\1.9.2.Final\quarkus-smallrye-reactive-messaging-kafka-1.9.2.Final.jar;C:\Users\mnola\.m2\repository\io\quarkus\quarkus-kafka-client\1.9.2.Final\quarkus-kafka-client-1.9.2.Final.jar;C:\Users\mnola\.m2\repository\io\smallrye\reactive\smallrye-reactive-messaging-kafka\2.4.0\smallrye-reactive-messaging-kafka-2.4.0.jar;C:\Users\mnola\.m2\repository\io\smallrye\reactive\smallrye-mutiny-vertx-kafka-client\1.2.1\smallrye-mutiny-vertx-kafka-client-1.2.1.jar;C:\Users\mnola\.m2\repository\org\apache\zookeeper\zookeeper\3.5.7\zookeeper-3.5.7.jar;C:\Users\mnola\.m2\repository\org\apache\zookeeper\zookeeper-jute\3.5.7\zookeeper-jute-3.5.7.jar;C:\Users\mnola\.m2\repository\org\apache\yetus\audience-annotations\0.5.0\audience-annotations-0.5.0.jar;C:\Users\mnola\.m2\repository\io\netty\netty-transport-native-epoll\4.1.49.Final\netty-transport-native-epoll-4.1.49.Final.jar;C:\Users\mnola\.m2\repository\io\netty\netty-transport-native-unix-common\4.1.49.Final\netty-transport-native-unix-common-4.1.49.Final.jar;C:\Users\mnola\.m2\repository\io\opentelemetry\opentelemetry-api\0.8.0\opentelemetry-api-0.8.0.jar;C:\Users\mnola\.m2\repository\io\opentelemetry\opentelemetry-context-prop\0.8.0\opentelemetry-context-prop-0.8.0.jar;C:\Users\mnola\.m2\repository\io\grpc\grpc-context\1.32.1\grpc-context-1.32.1.jar;C:\Users\mnola\.m2\repository\io\smallrye\reactive\mutiny\0.9.0\mutiny-0.9.0.jar;C:\Users\mnola\.m2\repository\io\quarkus\quarkus-jackson\1.9.2.Final\quarkus-jackson-1.9.2.Final.jar;C:\Users\mnola\.m2\repository\com\fasterxml\jackson\core\jackson-databind\2.11.3\jackson-databind-2.11.3.jar;C:\Users\mnola\.m2\repository\com\fasterxml\jackson\core\jackson-annotations\2.11.3\jackson-annotations-2.11.3.jar;C:\Users\mnola\.m2\repository\com\fasterxml\jackson\datatype\jackson-datatype-jsr310\2.11.3\jackson-datatype-jsr310-2.11.3.jar;C:\Users\mnola\.m2\repository\com\fasterxml\jackson\datatype\jackson-datatype-jdk8\2.11.3\jackson-datatype-jdk8-2.11.3.jar;C:\Users\mnola\.m2\repository\com\fasterxml\jackson\module\jackson-module-parameter-names\2.11.3\jackson-module-parameter-names-2.11.3.jar;C:\Users\mnola\.m2\repository\org\apache\kafka\kafka-clients\2.5.0\kafka-clients-2.5.0.jar;C:\Users\mnola\.m2\repository\com\github\luben\zstd-jni\1.4.4-7\zstd-jni-1.4.4-7.jar;C:\Users\mnola\.m2\repository\org\lz4\lz4-java\1.6.0\lz4-java-1.6.0.jar;C:\Users\mnola\.m2\repository\org\xerial\snappy\snappy-java\1.1.7.3\snappy-java-1.1.7.3.jar;C:\Users\mnola\.m2\repository\io\vertx\vertx-kafka-client\3.9.4\vertx-kafka-client-3.9.4.jar;C:\Users\mnola\.m2\repository\io\vertx\vertx-core\3.9.4\vertx-core-3.9.4.jar;C:\Users\mnola\.m2\repository\io\netty\netty-common\4.1.49.Final\netty-common-4.1.49.Final.jar;C:\Users\mnola\.m2\repository\io\netty\netty-buffer\4.1.49.Final\netty-buffer-4.1.49.Final.jar;C:\Users\mnola\.m2\repository\io\netty\netty-transport\4.1.49.Final\netty-transport-4.1.49.Final.jar;C:\Users\mnola\.m2\repository\io\netty\netty-handler\4.1.49.Final\netty-handler-4.1.49.Final.jar;C:\Users\mnola\.m2\repository\io\netty\netty-handler-proxy\4.1.49.Final\netty-handler-proxy-4.1.49.Final.jar;C:\Users\mnola\.m2\repository\io\netty\netty-codec-socks\4.1.49.Final\netty-codec-socks-4.1.49.Final.jar;C:\Users\mnola\.m2\repository\io\netty\netty-codec-http\4.1.49.Final\netty-codec-http-4.1.49.Final.jar;C:\Users\mnola\.m2\repository\io\netty\netty-codec-http2\4.1.49.Final\netty-codec-http2-4.1.49.Final.jar;C:\Users\mnola\.m2\repository\io\netty\netty-resolver\4.1.49.Final\netty-resolver-4.1.49.Final.jar;C:\Users\mnola\.m2\repository\io\netty\netty-resolver-dns\4.1.49.Final\netty-resolver-dns-4.1.49.Final.jar;C:\Users\mnola\.m2\repository\io\netty\netty-codec-dns\4.1.49.Final\netty-codec-dns-4.1.49.Final.jar;C:\Users\mnola\.m2\repository\io\quarkus\quarkus-smallrye-reactive-messaging\1.9.2.Final\quarkus-smallrye-reactive-messaging-1.9.2.Final.jar;C:\Users\mnola\.m2\repository\io\quarkus\quarkus-mutiny-reactive-streams-operators\1.9.2.Final\quarkus-mutiny-reactive-streams-operators-1.9.2.Final.jar;C:\Users\mnola\.m2\repository\org\eclipse\microprofile\reactive-streams-operators\microprofile-reactive-streams-operators-api\1.0.1\microprofile-reactive-streams-operators-api-1.0.1.jar;C:\Users\mnola\.m2\repository\org\eclipse\microprofile\reactive-streams-operators\microprofile-reactive-streams-operators-core\1.0.1\microprofile-reactive-streams-operators-core-1.0.1.jar;C:\Users\mnola\.m2\repository\io\smallrye\reactive\mutiny-reactive-streams-operators\0.9.0\mutiny-reactive-streams-operators-0.9.0.jar;C:\Users\mnola\.m2\repository\io\reactivex\rxjava2\rxjava\2.2.19\rxjava-2.2.19.jar;C:\Users\mnola\.m2\repository\io\quarkus\quarkus-vertx\1.9.2.Final\quarkus-vertx-1.9.2.Final.jar;C:\Users\mnola\.m2\repository\io\smallrye\reactive\smallrye-axle-generator\1.2.2\smallrye-axle-generator-1.2.2.jar;C:\Users\mnola\.m2\repository\io\smallrye\reactive\smallrye-axle-core\1.2.2\smallrye-axle-core-1.2.2.jar;C:\Users\mnola\.m2\repository\io\vertx\vertx-rx-java2\3.9.4\vertx-rx-java2-3.9.4.jar;C:\Users\mnola\.m2\repository\io\vertx\vertx-rx-gen\3.9.4\vertx-rx-gen-3.9.4.jar;C:\Users\mnola\.m2\repository\io\smallrye\common\smallrye-common-annotation\1.4.0\smallrye-common-annotation-1.4.0.jar;C:\Users\mnola\.m2\repository\io\smallrye\reactive\smallrye-reactive-messaging-health\2.4.0\smallrye-reactive-messaging-health-2.4.0.jar;C:\Users\mnola\.m2\repository\io\smallrye\reactive\smallrye-reactive-messaging-provider\2.4.0\smallrye-reactive-messaging-provider-2.4.0.jar;C:\Users\mnola\.m2\repository\io\smallrye\reactive\smallrye-reactive-messaging-api\2.4.0\smallrye-reactive-messaging-api-2.4.0.jar;C:\Users\mnola\.m2\repository\io\smallrye\reactive\smallrye-mutiny-vertx-core\1.2.2\smallrye-mutiny-vertx-core-1.2.2.jar;C:\Users\mnola\.m2\repository\io\smallrye\reactive\smallrye-mutiny-vertx-runtime\1.2.2\smallrye-mutiny-vertx-runtime-1.2.2.jar;C:\Users\mnola\.m2\repository\io\smallrye\reactive\vertx-mutiny-generator\1.2.2\vertx-mutiny-generator-1.2.2.jar;C:\Users\mnola\.m2\repository\io\vertx\vertx-codegen\3.9.4\vertx-codegen-3.9.4.jar;C:\Users\mnola\.m2\repository\org\mvel\mvel2\2.4.7.Final\mvel2-2.4.7.Final.jar;C:\Users\mnola\.m2\repository\jakarta\annotation\jakarta.annotation-api\1.3.5\jakarta.annotation-api-1.3.5.jar;C:\Users\mnola\.m2\repository\io\quarkus\quarkus-junit5\1.9.2.Final\quarkus-junit5-1.9.2.Final.jar;C:\Users\mnola\.m2\repository\io\quarkus\quarkus-bootstrap-core\1.9.2.Final\quarkus-bootstrap-core-1.9.2.Final.jar;C:\Users\mnola\.m2\repository\io\quarkus\quarkus-bootstrap-app-model\1.9.2.Final\quarkus-bootstrap-app-model-1.9.2.Final.jar;C:\Users\mnola\.m2\repository\io\quarkus\quarkus-bootstrap-maven-resolver\1.9.2.Final\quarkus-bootstrap-maven-resolver-1.9.2.Final.jar;C:\Users\mnola\.m2\repository\org\apache\maven\maven-embedder\3.6.3\maven-embedder-3.6.3.jar;C:\Users\mnola\.m2\repository\org\apache\maven\maven-settings\3.6.3\maven-settings-3.6.3.jar;C:\Users\mnola\.m2\repository\org\apache\maven\maven-core\3.6.3\maven-core-3.6.3.jar;C:\Users\mnola\.m2\repository\org\apache\maven\maven-artifact\3.6.3\maven-artifact-3.6.3.jar;C:\Users\mnola\.m2\repository\org\codehaus\plexus\plexus-component-annotations\2.1.0\plexus-component-annotations-2.1.0.jar;C:\Users\mnola\.m2\repository\org\apache\maven\maven-plugin-api\3.6.3\maven-plugin-api-3.6.3.jar;C:\Users\mnola\.m2\repository\org\apache\maven\maven-model\3.6.3\maven-model-3.6.3.jar;C:\Users\mnola\.m2\repository\org\apache\maven\maven-model-builder\3.6.3\maven-model-builder-3.6.3.jar;C:\Users\mnola\.m2\repository\org\apache\maven\maven-builder-support\3.6.3\maven-builder-support-3.6.3.jar;C:\Users\mnola\.m2\repository\org\apache\maven\resolver\maven-resolver-api\1.4.1\maven-resolver-api-1.4.1.jar;C:\Users\mnola\.m2\repository\org\apache\maven\resolver\maven-resolver-util\1.4.1\maven-resolver-util-1.4.1.jar;C:\Users\mnola\.m2\repository\org\apache\maven\shared\maven-shared-utils\3.2.1\maven-shared-utils-3.2.1.jar;C:\Users\mnola\.m2\repository\com\google\inject\guice\4.2.1\guice-4.2.1-no_aop.jar;C:\Users\mnola\.m2\repository\com\google\guava\guava\29.0-jre\guava-29.0-jre.jar;C:\Users\mnola\.m2\repository\com\google\guava\failureaccess\1.0.1\failureaccess-1.0.1.jar;C:\Users\mnola\.m2\repository\com\google\guava\listenablefuture\9999.0-empty-to-avoid-conflict-with-guava\listenablefuture-9999.0-empty-to-avoid-conflict-with-guava.jar;C:\Users\mnola\.m2\repository\org\codehaus\plexus\plexus-utils\3.2.1\plexus-utils-3.2.1.jar;C:\Users\mnola\.m2\repository\org\codehaus\plexus\plexus-classworlds\2.5.2\plexus-classworlds-2.5.2.jar;C:\Users\mnola\.m2\repository\commons-cli\commons-cli\1.4\commons-cli-1.4.jar;C:\Users\mnola\.m2\repository\org\eclipse\sisu\org.eclipse.sisu.plexus\0.3.4\org.eclipse.sisu.plexus-0.3.4.jar;C:\Users\mnola\.m2\repository\org\apache\maven\maven-settings-builder\3.6.3\maven-settings-builder-3.6.3.jar;C:\Users\mnola\.m2\repository\org\codehaus\plexus\plexus-interpolation\1.25\plexus-interpolation-1.25.jar;C:\Users\mnola\.m2\repository\org\sonatype\plexus\plexus-sec-dispatcher\1.4\plexus-sec-dispatcher-1.4.jar;C:\Users\mnola\.m2\repository\org\sonatype\plexus\plexus-cipher\1.4\plexus-cipher-1.4.jar;C:\Users\mnola\.m2\repository\org\apache\maven\maven-resolver-provider\3.6.3\maven-resolver-provider-3.6.3.jar;C:\Users\mnola\.m2\repository\org\apache\maven\maven-repository-metadata\3.6.3\maven-repository-metadata-3.6.3.jar;C:\Users\mnola\.m2\repository\org\apache\maven\resolver\maven-resolver-spi\1.4.1\maven-resolver-spi-1.4.1.jar;C:\Users\mnola\.m2\repository\org\apache\maven\resolver\maven-resolver-impl\1.4.1\maven-resolver-impl-1.4.1.jar;C:\Users\mnola\.m2\repository\org\apache\maven\resolver\maven-resolver-connector-basic\1.4.1\maven-resolver-connector-basic-1.4.1.jar;C:\Users\mnola\.m2\repository\org\apache\maven\resolver\maven-resolver-transport-wagon\1.4.1\maven-resolver-transport-wagon-1.4.1.jar;C:\Users\mnola\.m2\repository\org\apache\maven\wagon\wagon-http\3.3.4\wagon-http-3.3.4.jar;C:\Users\mnola\.m2\repository\org\apache\maven\wagon\wagon-http-shared\3.3.4\wagon-http-shared-3.3.4.jar;C:\Users\mnola\.m2\repository\org\jsoup\jsoup\1.12.1\jsoup-1.12.1.jar;C:\Users\mnola\.m2\repository\org\apache\maven\wagon\wagon-provider-api\3.3.4\wagon-provider-api-3.3.4.jar;C:\Users\mnola\.m2\repository\org\apache\maven\wagon\wagon-file\3.3.4\wagon-file-3.3.4.jar;C:\Users\mnola\.m2\repository\io\quarkus\quarkus-bootstrap-gradle-resolver\1.9.2.Final\quarkus-bootstrap-gradle-resolver-1.9.2.Final.jar;C:\Users\mnola\.m2\repository\io\smallrye\common\smallrye-common-io\1.4.0\smallrye-common-io-1.4.0.jar;C:\Users\mnola\.m2\repository\org\eclipse\sisu\org.eclipse.sisu.inject\0.3.4\org.eclipse.sisu.inject-0.3.4.jar;C:\Users\mnola\.m2\repository\io\quarkus\quarkus-test-common\1.9.2.Final\quarkus-test-common-1.9.2.Final.jar;C:\Users\mnola\.m2\repository\io\quarkus\quarkus-core-deployment\1.9.2.Final\quarkus-core-deployment-1.9.2.Final.jar;C:\Users\mnola\.m2\repository\io\quarkus\gizmo\gizmo\1.0.4.Final\gizmo-1.0.4.Final.jar;C:\Users\mnola\.m2\repository\org\ow2\asm\asm-util\8.0.1\asm-util-8.0.1.jar;C:\Users\mnola\.m2\repository\org\ow2\asm\asm-tree\8.0.1\asm-tree-8.0.1.jar;C:\Users\mnola\.m2\repository\org\ow2\asm\asm-analysis\8.0.1\asm-analysis-8.0.1.jar;C:\Users\mnola\.m2\repository\io\quarkus\quarkus-devtools-utilities\1.9.2.Final\quarkus-devtools-utilities-1.9.2.Final.jar;C:\Users\mnola\.m2\repository\io\quarkus\quarkus-builder\1.9.2.Final\quarkus-builder-1.9.2.Final.jar;C:\Users\mnola\.m2\repository\io\quarkus\quarkus-jsonp-deployment\1.9.2.Final\quarkus-jsonp-deployment-1.9.2.Final.jar;C:\Users\mnola\.m2\repository\org\junit\jupiter\junit-jupiter\5.7.0\junit-jupiter-5.7.0.jar;C:\Users\mnola\.m2\repository\org\junit\jupiter\junit-jupiter-params\5.7.0\junit-jupiter-params-5.7.0.jar;C:\Users\mnola\.m2\repository\org\junit\jupiter\junit-jupiter-engine\5.7.0\junit-jupiter-engine-5.7.0.jar;C:\Users\mnola\.m2\repository\org\junit\platform\junit-platform-engine\1.7.0\junit-platform-engine-1.7.0.jar;C:\Users\mnola\.m2\repository\com\thoughtworks\xstream\xstream\1.4.11.1\xstream-1.4.11.1.jar;C:\Users\mnola\.m2\repository\xmlpull\xmlpull\1.1.3.1\xmlpull-1.1.3.1.jar;C:\Users\mnola\.m2\repository\xpp3\xpp3_min\1.1.4c\xpp3_min-1.1.4c.jar;C:\Users\mnola\.m2\repository\io\rest-assured\rest-assured\4.3.0\rest-assured-4.3.0.jar;C:\Users\mnola\.m2\repository\org\codehaus\groovy\groovy\3.0.5\groovy-3.0.5.jar;C:\Users\mnola\.m2\repository\org\codehaus\groovy\groovy-xml\3.0.2\groovy-xml-3.0.2.jar;C:\Users\mnola\.m2\repository\org\apache\httpcomponents\httpclient\4.5.13\httpclient-4.5.13.jar;C:\Users\mnola\.m2\repository\org\apache\httpcomponents\httpcore\4.4.13\httpcore-4.4.13.jar;C:\Users\mnola\.m2\repository\commons-logging\commons-logging\1.2\commons-logging-1.2.jar;C:\Users\mnola\.m2\repository\commons-codec\commons-codec\1.14\commons-codec-1.14.jar;C:\Users\mnola\.m2\repository\org\apache\httpcomponents\httpmime\4.5.13\httpmime-4.5.13.jar;C:\Users\mnola\.m2\repository\org\hamcrest\hamcrest\2.1\hamcrest-2.1.jar;C:\Users\mnola\.m2\repository\org\ccil\cowan\tagsoup\tagsoup\1.2.1\tagsoup-1.2.1.jar;C:\Users\mnola\.m2\repository\io\rest-assured\json-path\4.3.0\json-path-4.3.0.jar;C:\Users\mnola\.m2\repository\org\codehaus\groovy\groovy-json\3.0.5\groovy-json-3.0.5.jar;C:\Users\mnola\.m2\repository\io\rest-assured\rest-assured-common\4.3.0\rest-assured-common-4.3.0.jar;C:\Users\mnola\.m2\repository\io\rest-assured\xml-path\4.3.0\xml-path-4.3.0.jar;C:\Users\mnola\.m2\repository\org\apache\commons\commons-lang3\3.9\commons-lang3-3.9.jar;C:\Users\mnola\.m2\repository\jakarta\xml\bind\jakarta.xml.bind-api\2.3.2\jakarta.xml.bind-api-2.3.2.jar;C:\Users\mnola\.m2\repository\com\sun\xml\bind\jaxb-osgi\2.3.0.1\jaxb-osgi-2.3.0.1.jar;C:\Users\mnola\.m2\repository\org\apache\sling\org.apache.sling.javax.activation\0.1.0\org.apache.sling.javax.activation-0.1.0.jar;C:\Users\mnola\.m2\repository\javax\activation\activation\1.1.1\activation-1.1.1.jar;C:\Users\mnola\.m2\repository\io\quarkus\quarkus-vault\1.9.2.Final\quarkus-vault-1.9.2.Final.jar;C:\Users\mnola\.m2\repository\com\squareup\okhttp3\okhttp\3.14.9\okhttp-3.14.9.jar;C:\Users\mnola\.m2\repository\com\squareup\okio\okio\1.17.2\okio-1.17.2.jar;C:\Users\mnola\.m2\repository\io\quarkus\quarkus-vault-model\1.9.2.Final\quarkus-vault-model-1.9.2.Final.jar;C:\Users\mnola\.m2\repository\io\quarkus\quarkus-credentials\1.9.2.Final\quarkus-credentials-1.9.2.Final.jar;C:\Users\mnola\.m2\repository\io\quarkus\quarkus-smallrye-opentracing\1.9.2.Final\quarkus-smallrye-opentracing-1.9.2.Final.jar;C:\Users\mnola\.m2\repository\org\eclipse\microprofile\config\microprofile-config-api\1.4\microprofile-config-api-1.4.jar;C:\Users\mnola\.m2\repository\org\eclipse\microprofile\opentracing\microprofile-opentracing-api\1.3.3\microprofile-opentracing-api-1.3.3.jar;C:\Users\mnola\.m2\repository\io\smallrye\smallrye-opentracing\1.3.4\smallrye-opentracing-1.3.4.jar;C:\Users\mnola\.m2\repository\org\eclipse\microprofile\rest\client\microprofile-rest-client-api\1.4.1\microprofile-rest-client-api-1.4.1.jar;C:\Users\mnola\.m2\repository\io\opentracing\opentracing-api\0.31.0\opentracing-api-0.31.0.jar;C:\Users\mnola\.m2\repository\io\opentracing\contrib\opentracing-jaxrs2\0.4.1\opentracing-jaxrs2-0.4.1.jar;C:\Users\mnola\.m2\repository\io\opentracing\opentracing-noop\0.31.0\opentracing-noop-0.31.0.jar;C:\Users\mnola\.m2\repository\io\opentracing\contrib\opentracing-web-servlet-filter\0.2.3\opentracing-web-servlet-filter-0.2.3.jar;C:\Users\mnola\.m2\repository\io\opentracing\contrib\opentracing-concurrent\0.2.0\opentracing-concurrent-0.2.0.jar;C:\Users\mnola\.m2\repository\io\opentracing\contrib\opentracing-interceptors\0.0.4\opentracing-interceptors-0.0.4.jar;C:\Users\mnola\.m2\repository\io\opentracing\contrib\opentracing-tracerresolver\0.1.8\opentracing-tracerresolver-0.1.8.jar;C:\Users\mnola\.m2\repository\io\smallrye\smallrye-fault-tolerance-tracing-propagation\4.3.1\smallrye-fault-tolerance-tracing-propagation-4.3.1.jar;C:\Users\mnola\.m2\repository\jakarta\inject\jakarta.inject-api\1.0\jakarta.inject-api-1.0.jar;C:\Users\mnola\.m2\repository\io\quarkus\quarkus-jaeger\1.9.2.Final\quarkus-jaeger-1.9.2.Final.jar;C:\Users\mnola\.m2\repository\io\jaegertracing\jaeger-core\0.34.3\jaeger-core-0.34.3.jar;C:\Users\mnola\.m2\repository\io\opentracing\opentracing-util\0.31.0\opentracing-util-0.31.0.jar;C:\Users\mnola\.m2\repository\com\google\code\gson\gson\2.8.6\gson-2.8.6.jar;C:\Users\mnola\.m2\repository\io\jaegertracing\jaeger-thrift\0.34.3\jaeger-thrift-0.34.3.jar;C:\Users\mnola\.m2\repository\org\apache\thrift\libthrift\0.13.0\libthrift-0.13.0.jar;C:\Users\mnola\.m2\repository\jakarta\activation\jakarta.activation-api\1.2.1\jakarta.activation-api-1.2.1.jar;C:\Users\mnola\.m2\repository\io\quarkus\quarkus-jsonp\1.9.2.Final\quarkus-jsonp-1.9.2.Final.jar;C:\Users\mnola\.m2\repository\jakarta\servlet\jakarta.servlet-api\4.0.3\jakarta.servlet-api-4.0.3.jar;C:\Users\mnola\.m2\repository\io\quarkus\quarkus-smallrye-metrics\1.9.2.Final\quarkus-smallrye-metrics-1.9.2.Final.jar;C:\Users\mnola\.m2\repository\io\smallrye\smallrye-metrics\2.4.4\smallrye-metrics-2.4.4.jar;C:\Users\mnola\.m2\repository\io\smallrye\smallrye-metrics-api\2.4.4\smallrye-metrics-api-2.4.4.jar;C:\Users\mnola\.m2\repository\org\eclipse\microprofile\metrics\microprofile-metrics-api\2.3\microprofile-metrics-api-2.3.jar;C:\Users\mnola\.m2\repository\io\quarkus\quarkus-rest-client\1.9.2.Final\quarkus-rest-client-1.9.2.Final.jar;C:\Users\mnola\.m2\repository\io\quarkus\quarkus-resteasy-common\1.9.2.Final\quarkus-resteasy-common-1.9.2.Final.jar;C:\Users\mnola\.m2\repository\org\jboss\resteasy\resteasy-core\4.5.8.Final\resteasy-core-4.5.8.Final.jar;C:\Users\mnola\.m2\repository\org\jboss\spec\javax\ws\rs\jboss-jaxrs-api_2.1_spec\2.0.1.Final\jboss-jaxrs-api_2.1_spec-2.0.1.Final.jar;C:\Users\mnola\.m2\repository\org\jboss\resteasy\resteasy-core-spi\4.5.8.Final\resteasy-core-spi-4.5.8.Final.jar;C:\Users\mnola\.m2\repository\com\ibm\async\asyncutil\0.1.0\asyncutil-0.1.0.jar;C:\Users\mnola\.m2\repository\org\jboss\resteasy\resteasy-client-microprofile\4.5.8.Final\resteasy-client-microprofile-4.5.8.Final.jar;C:\Users\mnola\.m2\repository\org\jboss\resteasy\resteasy-client\4.5.8.Final\resteasy-client-4.5.8.Final.jar;C:\Users\mnola\.m2\repository\org\jboss\resteasy\resteasy-client-api\4.5.8.Final\resteasy-client-api-4.5.8.Final.jar;C:\Users\mnola\.m2\repository\jakarta\interceptor\jakarta.interceptor-api\1.2.5\jakarta.interceptor-api-1.2.5.jar;C:\Users\mnola\.m2\repository\org\apache\httpcomponents\httpasyncclient\4.1.4\httpasyncclient-4.1.4.jar;C:\Users\mnola\.m2\repository\org\apache\httpcomponents\httpcore-nio\4.4.13\httpcore-nio-4.4.13.jar;C:\Users\mnola\.m2\repository\org\jboss\logging\commons-logging-jboss-logging\1.0.0.Final\commons-logging-jboss-logging-1.0.0.Final.jar;C:\Users\mnola\.m2\repository\io\quarkus\quarkus-smallrye-openapi\1.9.2.Final\quarkus-smallrye-openapi-1.9.2.Final.jar;C:\Users\mnola\.m2\repository\io\smallrye\smallrye-open-api-core\2.0.10\smallrye-open-api-core-2.0.10.jar;C:\Users\mnola\.m2\repository\org\eclipse\microprofile\openapi\microprofile-openapi-api\1.1.2\microprofile-openapi-api-1.1.2.jar;C:\Users\mnola\.m2\repository\com\fasterxml\jackson\core\jackson-core\2.11.3\jackson-core-2.11.3.jar;C:\Users\mnola\.m2\repository\com\fasterxml\jackson\dataformat\jackson-dataformat-yaml\2.11.3\jackson-dataformat-yaml-2.11.3.jar;C:\Users\mnola\.m2\repository\org\yaml\snakeyaml\1.27\snakeyaml-1.27.jar;C:\Users\mnola\.m2\repository\io\quarkus\quarkus-swagger-ui\1.9.2.Final\quarkus-swagger-ui-1.9.2.Final.jar;C:\Users\mnola\.m2\repository\io\quarkus\quarkus-smallrye-health\1.9.2.Final\quarkus-smallrye-health-1.9.2.Final.jar;C:\Users\mnola\.m2\repository\io\smallrye\smallrye-health\2.2.3\smallrye-health-2.2.3.jar;C:\Users\mnola\.m2\repository\org\eclipse\microprofile\health\microprofile-health-api\2.2\microprofile-health-api-2.2.jar;C:\Users\mnola\.m2\repository\io\smallrye\smallrye-health-api\2.2.3\smallrye-health-api-2.2.3.jar;C:\Users\mnola\.m2\repository\io\smallrye\smallrye-health-ui\2.2.3\smallrye-health-ui-2.2.3.jar;C:\Users\mnola\.m2\repository\io\smallrye\smallrye-health-provided-checks\2.2.3\smallrye-health-provided-checks-2.2.3.jar;"/>
    <property name="java.vm.vendor" value="Oracle Corporation"/>
    <property name="sun.arch.data.model" value="64"/>
    <property name="user.variant" value=""/>
    <property name="java.vendor.url" value="http://java.oracle.com/"/>
    <property name="user.timezone" value="America/Bogota"/>
    <property name="java.vm.specification.version" value="11"/>
    <property name="os.name" value="Windows 10"/>
    <property name="sun.java.launcher" value="SUN_STANDARD"/>
    <property name="user.country" value="PE"/>
    <property name="sun.boot.library.path" value="D:\Programas\Java\opendk-11.0.2\bin"/>
    <property name="sun.java.command" value="C:\Users\mnola\AppData\Local\Temp\surefire5770095802591630391\surefirebooter10076353628456918994.jar C:\Users\mnola\AppData\Local\Temp\surefire5770095802591630391 2020-12-04T21-40-56_385-jvmRun1 surefire4952736920707179412tmp surefire_010497922510254294814tmp"/>
    <property name="jdk.debug" value="release"/>
    <property name="maven.home" value="D:\Programas\Maven\apache-maven-3.6.3\bin\.."/>
    <property name="surefire.test.class.path" value="D:\Workspaces\Eclipse\micro-service-retiro\target\test-classes;D:\Workspaces\Eclipse\micro-service-retiro\target\classes;C:\Users\mnola\.m2\repository\io\quarkus\quarkus-resteasy\1.9.2.Final\quarkus-resteasy-1.9.2.Final.jar;C:\Users\mnola\.m2\repository\io\quarkus\quarkus-vertx-http\1.9.2.Final\quarkus-vertx-http-1.9.2.Final.jar;C:\Users\mnola\.m2\repository\io\quarkus\quarkus-security-runtime-spi\1.9.2.Final\quarkus-security-runtime-spi-1.9.2.Final.jar;C:\Users\mnola\.m2\repository\io\quarkus\quarkus-development-mode-spi\1.9.2.Final\quarkus-development-mode-spi-1.9.2.Final.jar;C:\Users\mnola\.m2\repository\io\quarkus\security\quarkus-security\1.1.3.Final\quarkus-security-1.1.3.Final.jar;C:\Users\mnola\.m2\repository\io\quarkus\quarkus-vertx-core\1.9.2.Final\quarkus-vertx-core-1.9.2.Final.jar;C:\Users\mnola\.m2\repository\io\quarkus\quarkus-netty\1.9.2.Final\quarkus-netty-1.9.2.Final.jar;C:\Users\mnola\.m2\repository\io\netty\netty-codec\4.1.49.Final\netty-codec-4.1.49.Final.jar;C:\Users\mnola\.m2\repository\io\vertx\vertx-web\3.9.4\vertx-web-3.9.4.jar;C:\Users\mnola\.m2\repository\io\vertx\vertx-web-common\3.9.4\vertx-web-common-3.9.4.jar;C:\Users\mnola\.m2\repository\io\vertx\vertx-auth-common\3.9.4\vertx-auth-common-3.9.4.jar;C:\Users\mnola\.m2\repository\io\vertx\vertx-bridge-common\3.9.4\vertx-bridge-common-3.9.4.jar;C:\Users\mnola\.m2\repository\io\quarkus\quarkus-resteasy-server-common\1.9.2.Final\quarkus-resteasy-server-common-1.9.2.Final.jar;C:\Users\mnola\.m2\repository\jakarta\validation\jakarta.validation-api\2.0.2\jakarta.validation-api-2.0.2.jar;C:\Users\mnola\.m2\repository\io\quarkus\quarkus-jdbc-mssql\1.9.2.Final\quarkus-jdbc-mssql-1.9.2.Final.jar;C:\Users\mnola\.m2\repository\com\microsoft\sqlserver\mssql-jdbc\7.2.2.jre8\mssql-jdbc-7.2.2.jre8.jar;C:\Users\mnola\.m2\repository\com\microsoft\azure\adal4j\1.6.3\adal4j-1.6.3.jar;C:\Users\mnola\.m2\repository\com\nimbusds\oauth2-oidc-sdk\5.64.4\oauth2-oidc-sdk-5.64.4.jar;C:\Users\mnola\.m2\repository\io\quarkus\quarkus-arc\1.9.2.Final\quarkus-arc-1.9.2.Final.jar;C:\Users\mnola\.m2\repository\io\quarkus\arc\arc\1.9.2.Final\arc-1.9.2.Final.jar;C:\Users\mnola\.m2\repository\jakarta\enterprise\jakarta.enterprise.cdi-api\2.0.2\jakarta.enterprise.cdi-api-2.0.2.jar;C:\Users\mnola\.m2\repository\jakarta\el\jakarta.el-api\3.0.3\jakarta.el-api-3.0.3.jar;C:\Users\mnola\.m2\repository\org\jboss\logging\jboss-logging\3.4.1.Final\jboss-logging-3.4.1.Final.jar;C:\Users\mnola\.m2\repository\io\quarkus\quarkus-core\1.9.2.Final\quarkus-core-1.9.2.Final.jar;C:\Users\mnola\.m2\repository\io\quarkus\quarkus-ide-launcher\1.9.2.Final\quarkus-ide-launcher-1.9.2.Final.jar;C:\Users\mnola\.m2\repository\io\smallrye\config\smallrye-config\1.9.3\smallrye-config-1.9.3.jar;C:\Users\mnola\.m2\repository\io\smallrye\config\smallrye-config-common\1.9.3\smallrye-config-common-1.9.3.jar;C:\Users\mnola\.m2\repository\io\smallrye\common\smallrye-common-expression\1.4.0\smallrye-common-expression-1.4.0.jar;C:\Users\mnola\.m2\repository\io\smallrye\common\smallrye-common-function\1.4.0\smallrye-common-function-1.4.0.jar;C:\Users\mnola\.m2\repository\io\smallrye\common\smallrye-common-constraint\1.4.0\smallrye-common-constraint-1.4.0.jar;C:\Users\mnola\.m2\repository\io\smallrye\common\smallrye-common-classloader\1.4.0\smallrye-common-classloader-1.4.0.jar;C:\Users\mnola\.m2\repository\org\ow2\asm\asm\8.0.1\asm-8.0.1.jar;C:\Users\mnola\.m2\repository\org\jboss\logmanager\jboss-logmanager-embedded\1.0.6\jboss-logmanager-embedded-1.0.6.jar;C:\Users\mnola\.m2\repository\org\jboss\logging\jboss-logging-annotations\2.1.0.Final\jboss-logging-annotations-2.1.0.Final.jar;C:\Users\mnola\.m2\repository\org\jboss\threads\jboss-threads\3.1.1.Final\jboss-threads-3.1.1.Final.jar;C:\Users\mnola\.m2\repository\org\slf4j\slf4j-api\1.7.30\slf4j-api-1.7.30.jar;C:\Users\mnola\.m2\repository\org\jboss\slf4j\slf4j-jboss-logging\1.2.0.Final\slf4j-jboss-logging-1.2.0.Final.jar;C:\Users\mnola\.m2\repository\org\graalvm\sdk\graal-sdk\20.2.0\graal-sdk-20.2.0.jar;C:\Users\mnola\.m2\repository\org\wildfly\common\wildfly-common\1.5.4.Final-format-001\wildfly-common-1.5.4.Final-format-001.jar;C:\Users\mnola\.m2\repository\io\quarkus\quarkus-bootstrap-runner\1.9.2.Final\quarkus-bootstrap-runner-1.9.2.Final.jar;C:\Users\mnola\.m2\repository\org\eclipse\microprofile\context-propagation\microprofile-context-propagation-api\1.0.1\microprofile-context-propagation-api-1.0.1.jar;C:\Users\mnola\.m2\repository\io\quarkus\quarkus-jdbc-postgresql\1.9.2.Final\quarkus-jdbc-postgresql-1.9.2.Final.jar;C:\Users\mnola\.m2\repository\org\postgresql\postgresql\42.2.16\postgresql-42.2.16.jar;C:\Users\mnola\.m2\repository\io\quarkus\quarkus-hibernate-orm\1.9.2.Final\quarkus-hibernate-orm-1.9.2.Final.jar;C:\Users\mnola\.m2\repository\io\quarkus\quarkus-agroal\1.9.2.Final\quarkus-agroal-1.9.2.Final.jar;C:\Users\mnola\.m2\repository\io\quarkus\quarkus-datasource\1.9.2.Final\quarkus-datasource-1.9.2.Final.jar;C:\Users\mnola\.m2\repository\io\quarkus\quarkus-datasource-common\1.9.2.Final\quarkus-datasource-common-1.9.2.Final.jar;C:\Users\mnola\.m2\repository\org\jboss\narayana\jta\narayana-jta\5.10.6.Final\narayana-jta-5.10.6.Final.jar;C:\Users\mnola\.m2\repository\org\jboss\jboss-transaction-spi\7.6.0.Final\jboss-transaction-spi-7.6.0.Final.jar;C:\Users\mnola\.m2\repository\org\jboss\spec\javax\resource\jboss-connector-api_1.7_spec\1.0.0.Final\jboss-connector-api_1.7_spec-1.0.0.Final.jar;C:\Users\mnola\.m2\repository\org\jboss\narayana\jts\narayana-jts-integration\5.10.6.Final\narayana-jts-integration-5.10.6.Final.jar;C:\Users\mnola\.m2\repository\io\agroal\agroal-api\1.8\agroal-api-1.8.jar;C:\Users\mnola\.m2\repository\io\agroal\agroal-narayana\1.8\agroal-narayana-1.8.jar;C:\Users\mnola\.m2\repository\io\agroal\agroal-pool\1.8\agroal-pool-1.8.jar;C:\Users\mnola\.m2\repository\io\quarkus\quarkus-narayana-jta\1.9.2.Final\quarkus-narayana-jta-1.9.2.Final.jar;C:\Users\mnola\.m2\repository\io\quarkus\quarkus-mutiny\1.9.2.Final\quarkus-mutiny-1.9.2.Final.jar;C:\Users\mnola\.m2\repository\io\quarkus\quarkus-smallrye-context-propagation\1.9.2.Final\quarkus-smallrye-context-propagation-1.9.2.Final.jar;C:\Users\mnola\.m2\repository\io\smallrye\smallrye-context-propagation\1.0.13\smallrye-context-propagation-1.0.13.jar;C:\Users\mnola\.m2\repository\io\smallrye\smallrye-context-propagation-api\1.0.13\smallrye-context-propagation-api-1.0.13.jar;C:\Users\mnola\.m2\repository\io\smallrye\reactive\mutiny-context-propagation\0.9.0\mutiny-context-propagation-0.9.0.jar;C:\Users\mnola\.m2\repository\io\smallrye\smallrye-context-propagation-jta\1.0.13\smallrye-context-propagation-jta-1.0.13.jar;C:\Users\mnola\.m2\repository\io\smallrye\reactive\smallrye-reactive-converter-api\1.2.2\smallrye-reactive-converter-api-1.2.2.jar;C:\Users\mnola\.m2\repository\org\reactivestreams\reactive-streams\1.0.3\reactive-streams-1.0.3.jar;C:\Users\mnola\.m2\repository\io\smallrye\reactive\smallrye-reactive-converter-mutiny\1.2.2\smallrye-reactive-converter-mutiny-1.2.2.jar;C:\Users\mnola\.m2\repository\org\hibernate\hibernate-core\5.4.22.Final\hibernate-core-5.4.22.Final.jar;C:\Users\mnola\.m2\repository\net\bytebuddy\byte-buddy\1.10.10\byte-buddy-1.10.10.jar;C:\Users\mnola\.m2\repository\antlr\antlr\2.7.7\antlr-2.7.7.jar;C:\Users\mnola\.m2\repository\org\jboss\jandex\2.2.1.Final\jandex-2.2.1.Final.jar;C:\Users\mnola\.m2\repository\com\fasterxml\classmate\1.3.4\classmate-1.3.4.jar;C:\Users\mnola\.m2\repository\org\dom4j\dom4j\2.1.3\dom4j-2.1.3.jar;C:\Users\mnola\.m2\repository\org\hibernate\common\hibernate-commons-annotations\5.1.0.Final\hibernate-commons-annotations-5.1.0.Final.jar;C:\Users\mnola\.m2\repository\org\hibernate\hibernate-graalvm\5.4.22.Final\hibernate-graalvm-5.4.22.Final.jar;C:\Users\mnola\.m2\repository\org\glassfish\jaxb\jaxb-runtime\2.3.3-b02\jaxb-runtime-2.3.3-b02.jar;C:\Users\mnola\.m2\repository\org\glassfish\jaxb\txw2\2.3.3-b02\txw2-2.3.3-b02.jar;C:\Users\mnola\.m2\repository\com\sun\istack\istack-commons-runtime\3.0.10\istack-commons-runtime-3.0.10.jar;C:\Users\mnola\.m2\repository\com\sun\activation\jakarta.activation\1.2.1\jakarta.activation-1.2.1.jar;C:\Users\mnola\.m2\repository\org\jboss\spec\javax\xml\bind\jboss-jaxb-api_2.3_spec\2.0.0.Final\jboss-jaxb-api_2.3_spec-2.0.0.Final.jar;C:\Users\mnola\.m2\repository\jakarta\persistence\jakarta.persistence-api\2.2.3\jakarta.persistence-api-2.2.3.jar;C:\Users\mnola\.m2\repository\jakarta\transaction\jakarta.transaction-api\1.3.3\jakarta.transaction-api-1.3.3.jar;C:\Users\mnola\.m2\repository\org\hibernate\quarkus-local-cache\0.1.0\quarkus-local-cache-0.1.0.jar;C:\Users\mnola\.m2\repository\com\github\ben-manes\caffeine\caffeine\2.8.6\caffeine-2.8.6.jar;C:\Users\mnola\.m2\repository\org\checkerframework\checker-qual\2.5.2\checker-qual-2.5.2.jar;C:\Users\mnola\.m2\repository\com\google\errorprone\error_prone_annotations\2.2.0\error_prone_annotations-2.2.0.jar;C:\Users\mnola\.m2\repository\io\quarkus\quarkus-caffeine\1.9.2.Final\quarkus-caffeine-1.9.2.Final.jar;C:\Users\mnola\.m2\repository\io\quarkus\quarkus-resteasy-jsonb\1.9.2.Final\quarkus-resteasy-jsonb-1.9.2.Final.jar;C:\Users\mnola\.m2\repository\io\quarkus\quarkus-jsonb\1.9.2.Final\quarkus-jsonb-1.9.2.Final.jar;C:\Users\mnola\.m2\repository\org\eclipse\yasson\1.0.8\yasson-1.0.8.jar;C:\Users\mnola\.m2\repository\jakarta\json\jakarta.json-api\1.1.6\jakarta.json-api-1.1.6.jar;C:\Users\mnola\.m2\repository\org\jboss\resteasy\resteasy-json-binding-provider\4.5.8.Final\resteasy-json-binding-provider-4.5.8.Final.jar;C:\Users\mnola\.m2\repository\org\glassfish\jakarta.json\1.1.6\jakarta.json-1.1.6.jar;C:\Users\mnola\.m2\repository\jakarta\json\bind\jakarta.json.bind-api\1.0.2\jakarta.json.bind-api-1.0.2.jar;C:\Users\mnola\.m2\repository\org\jboss\resteasy\resteasy-json-p-provider\4.5.8.Final\resteasy-json-p-provider-4.5.8.Final.jar;C:\Users\mnola\.m2\repository\commons-io\commons-io\2.8.0\commons-io-2.8.0.jar;C:\Users\mnola\.m2\repository\io\quarkus\quarkus-hibernate-orm-panache\1.9.2.Final\quarkus-hibernate-orm-panache-1.9.2.Final.jar;C:\Users\mnola\.m2\repository\io\quarkus\quarkus-hibernate-orm-panache-common\1.9.2.Final\quarkus-hibernate-orm-panache-common-1.9.2.Final.jar;C:\Users\mnola\.m2\repository\io\quarkus\quarkus-panache-hibernate-common\1.9.2.Final\quarkus-panache-hibernate-common-1.9.2.Final.jar;C:\Users\mnola\.m2\repository\io\quarkus\quarkus-panache-common\1.9.2.Final\quarkus-panache-common-1.9.2.Final.jar;C:\Users\mnola\.m2\repository\org\junit\jupiter\junit-jupiter-api\5.7.0\junit-jupiter-api-5.7.0.jar;C:\Users\mnola\.m2\repository\org\apiguardian\apiguardian-api\1.1.0\apiguardian-api-1.1.0.jar;C:\Users\mnola\.m2\repository\org\opentest4j\opentest4j\1.2.0\opentest4j-1.2.0.jar;C:\Users\mnola\.m2\repository\org\junit\platform\junit-platform-commons\1.7.0\junit-platform-commons-1.7.0.jar;C:\Users\mnola\.m2\repository\io\quarkus\quarkus-smallrye-reactive-messaging-kafka\1.9.2.Final\quarkus-smallrye-reactive-messaging-kafka-1.9.2.Final.jar;C:\Users\mnola\.m2\repository\io\quarkus\quarkus-kafka-client\1.9.2.Final\quarkus-kafka-client-1.9.2.Final.jar;C:\Users\mnola\.m2\repository\io\smallrye\reactive\smallrye-reactive-messaging-kafka\2.4.0\smallrye-reactive-messaging-kafka-2.4.0.jar;C:\Users\mnola\.m2\repository\io\smallrye\reactive\smallrye-mutiny-vertx-kafka-client\1.2.1\smallrye-mutiny-vertx-kafka-client-1.2.1.jar;C:\Users\mnola\.m2\repository\org\apache\zookeeper\zookeeper\3.5.7\zookeeper-3.5.7.jar;C:\Users\mnola\.m2\repository\org\apache\zookeeper\zookeeper-jute\3.5.7\zookeeper-jute-3.5.7.jar;C:\Users\mnola\.m2\repository\org\apache\yetus\audience-annotations\0.5.0\audience-annotations-0.5.0.jar;C:\Users\mnola\.m2\repository\io\netty\netty-transport-native-epoll\4.1.49.Final\netty-transport-native-epoll-4.1.49.Final.jar;C:\Users\mnola\.m2\repository\io\netty\netty-transport-native-unix-common\4.1.49.Final\netty-transport-native-unix-common-4.1.49.Final.jar;C:\Users\mnola\.m2\repository\io\opentelemetry\opentelemetry-api\0.8.0\opentelemetry-api-0.8.0.jar;C:\Users\mnola\.m2\repository\io\opentelemetry\opentelemetry-context-prop\0.8.0\opentelemetry-context-prop-0.8.0.jar;C:\Users\mnola\.m2\repository\io\grpc\grpc-context\1.32.1\grpc-context-1.32.1.jar;C:\Users\mnola\.m2\repository\io\smallrye\reactive\mutiny\0.9.0\mutiny-0.9.0.jar;C:\Users\mnola\.m2\repository\io\quarkus\quarkus-jackson\1.9.2.Final\quarkus-jackson-1.9.2.Final.jar;C:\Users\mnola\.m2\repository\com\fasterxml\jackson\core\jackson-databind\2.11.3\jackson-databind-2.11.3.jar;C:\Users\mnola\.m2\repository\com\fasterxml\jackson\core\jackson-annotations\2.11.3\jackson-annotations-2.11.3.jar;C:\Users\mnola\.m2\repository\com\fasterxml\jackson\datatype\jackson-datatype-jsr310\2.11.3\jackson-datatype-jsr310-2.11.3.jar;C:\Users\mnola\.m2\repository\com\fasterxml\jackson\datatype\jackson-datatype-jdk8\2.11.3\jackson-datatype-jdk8-2.11.3.jar;C:\Users\mnola\.m2\repository\com\fasterxml\jackson\module\jackson-module-parameter-names\2.11.3\jackson-module-parameter-names-2.11.3.jar;C:\Users\mnola\.m2\repository\org\apache\kafka\kafka-clients\2.5.0\kafka-clients-2.5.0.jar;C:\Users\mnola\.m2\repository\com\github\luben\zstd-jni\1.4.4-7\zstd-jni-1.4.4-7.jar;C:\Users\mnola\.m2\repository\org\lz4\lz4-java\1.6.0\lz4-java-1.6.0.jar;C:\Users\mnola\.m2\repository\org\xerial\snappy\snappy-java\1.1.7.3\snappy-java-1.1.7.3.jar;C:\Users\mnola\.m2\repository\io\vertx\vertx-kafka-client\3.9.4\vertx-kafka-client-3.9.4.jar;C:\Users\mnola\.m2\repository\io\vertx\vertx-core\3.9.4\vertx-core-3.9.4.jar;C:\Users\mnola\.m2\repository\io\netty\netty-common\4.1.49.Final\netty-common-4.1.49.Final.jar;C:\Users\mnola\.m2\repository\io\netty\netty-buffer\4.1.49.Final\netty-buffer-4.1.49.Final.jar;C:\Users\mnola\.m2\repository\io\netty\netty-transport\4.1.49.Final\netty-transport-4.1.49.Final.jar;C:\Users\mnola\.m2\repository\io\netty\netty-handler\4.1.49.Final\netty-handler-4.1.49.Final.jar;C:\Users\mnola\.m2\repository\io\netty\netty-handler-proxy\4.1.49.Final\netty-handler-proxy-4.1.49.Final.jar;C:\Users\mnola\.m2\repository\io\netty\netty-codec-socks\4.1.49.Final\netty-codec-socks-4.1.49.Final.jar;C:\Users\mnola\.m2\repository\io\netty\netty-codec-http\4.1.49.Final\netty-codec-http-4.1.49.Final.jar;C:\Users\mnola\.m2\repository\io\netty\netty-codec-http2\4.1.49.Final\netty-codec-http2-4.1.49.Final.jar;C:\Users\mnola\.m2\repository\io\netty\netty-resolver\4.1.49.Final\netty-resolver-4.1.49.Final.jar;C:\Users\mnola\.m2\repository\io\netty\netty-resolver-dns\4.1.49.Final\netty-resolver-dns-4.1.49.Final.jar;C:\Users\mnola\.m2\repository\io\netty\netty-codec-dns\4.1.49.Final\netty-codec-dns-4.1.49.Final.jar;C:\Users\mnola\.m2\repository\io\quarkus\quarkus-smallrye-reactive-messaging\1.9.2.Final\quarkus-smallrye-reactive-messaging-1.9.2.Final.jar;C:\Users\mnola\.m2\repository\io\quarkus\quarkus-mutiny-reactive-streams-operators\1.9.2.Final\quarkus-mutiny-reactive-streams-operators-1.9.2.Final.jar;C:\Users\mnola\.m2\repository\org\eclipse\microprofile\reactive-streams-operators\microprofile-reactive-streams-operators-api\1.0.1\microprofile-reactive-streams-operators-api-1.0.1.jar;C:\Users\mnola\.m2\repository\org\eclipse\microprofile\reactive-streams-operators\microprofile-reactive-streams-operators-core\1.0.1\microprofile-reactive-streams-operators-core-1.0.1.jar;C:\Users\mnola\.m2\repository\io\smallrye\reactive\mutiny-reactive-streams-operators\0.9.0\mutiny-reactive-streams-operators-0.9.0.jar;C:\Users\mnola\.m2\repository\io\reactivex\rxjava2\rxjava\2.2.19\rxjava-2.2.19.jar;C:\Users\mnola\.m2\repository\io\quarkus\quarkus-vertx\1.9.2.Final\quarkus-vertx-1.9.2.Final.jar;C:\Users\mnola\.m2\repository\io\smallrye\reactive\smallrye-axle-generator\1.2.2\smallrye-axle-generator-1.2.2.jar;C:\Users\mnola\.m2\repository\io\smallrye\reactive\smallrye-axle-core\1.2.2\smallrye-axle-core-1.2.2.jar;C:\Users\mnola\.m2\repository\io\vertx\vertx-rx-java2\3.9.4\vertx-rx-java2-3.9.4.jar;C:\Users\mnola\.m2\repository\io\vertx\vertx-rx-gen\3.9.4\vertx-rx-gen-3.9.4.jar;C:\Users\mnola\.m2\repository\io\smallrye\common\smallrye-common-annotation\1.4.0\smallrye-common-annotation-1.4.0.jar;C:\Users\mnola\.m2\repository\io\smallrye\reactive\smallrye-reactive-messaging-health\2.4.0\smallrye-reactive-messaging-health-2.4.0.jar;C:\Users\mnola\.m2\repository\io\smallrye\reactive\smallrye-reactive-messaging-provider\2.4.0\smallrye-reactive-messaging-provider-2.4.0.jar;C:\Users\mnola\.m2\repository\io\smallrye\reactive\smallrye-reactive-messaging-api\2.4.0\smallrye-reactive-messaging-api-2.4.0.jar;C:\Users\mnola\.m2\repository\io\smallrye\reactive\smallrye-mutiny-vertx-core\1.2.2\smallrye-mutiny-vertx-core-1.2.2.jar;C:\Users\mnola\.m2\repository\io\smallrye\reactive\smallrye-mutiny-vertx-runtime\1.2.2\smallrye-mutiny-vertx-runtime-1.2.2.jar;C:\Users\mnola\.m2\repository\io\smallrye\reactive\vertx-mutiny-generator\1.2.2\vertx-mutiny-generator-1.2.2.jar;C:\Users\mnola\.m2\repository\io\vertx\vertx-codegen\3.9.4\vertx-codegen-3.9.4.jar;C:\Users\mnola\.m2\repository\org\mvel\mvel2\2.4.7.Final\mvel2-2.4.7.Final.jar;C:\Users\mnola\.m2\repository\jakarta\annotation\jakarta.annotation-api\1.3.5\jakarta.annotation-api-1.3.5.jar;C:\Users\mnola\.m2\repository\io\quarkus\quarkus-junit5\1.9.2.Final\quarkus-junit5-1.9.2.Final.jar;C:\Users\mnola\.m2\repository\io\quarkus\quarkus-bootstrap-core\1.9.2.Final\quarkus-bootstrap-core-1.9.2.Final.jar;C:\Users\mnola\.m2\repository\io\quarkus\quarkus-bootstrap-app-model\1.9.2.Final\quarkus-bootstrap-app-model-1.9.2.Final.jar;C:\Users\mnola\.m2\repository\io\quarkus\quarkus-bootstrap-maven-resolver\1.9.2.Final\quarkus-bootstrap-maven-resolver-1.9.2.Final.jar;C:\Users\mnola\.m2\repository\org\apache\maven\maven-embedder\3.6.3\maven-embedder-3.6.3.jar;C:\Users\mnola\.m2\repository\org\apache\maven\maven-settings\3.6.3\maven-settings-3.6.3.jar;C:\Users\mnola\.m2\repository\org\apache\maven\maven-core\3.6.3\maven-core-3.6.3.jar;C:\Users\mnola\.m2\repository\org\apache\maven\maven-artifact\3.6.3\maven-artifact-3.6.3.jar;C:\Users\mnola\.m2\repository\org\codehaus\plexus\plexus-component-annotations\2.1.0\plexus-component-annotations-2.1.0.jar;C:\Users\mnola\.m2\repository\org\apache\maven\maven-plugin-api\3.6.3\maven-plugin-api-3.6.3.jar;C:\Users\mnola\.m2\repository\org\apache\maven\maven-model\3.6.3\maven-model-3.6.3.jar;C:\Users\mnola\.m2\repository\org\apache\maven\maven-model-builder\3.6.3\maven-model-builder-3.6.3.jar;C:\Users\mnola\.m2\repository\org\apache\maven\maven-builder-support\3.6.3\maven-builder-support-3.6.3.jar;C:\Users\mnola\.m2\repository\org\apache\maven\resolver\maven-resolver-api\1.4.1\maven-resolver-api-1.4.1.jar;C:\Users\mnola\.m2\repository\org\apache\maven\resolver\maven-resolver-util\1.4.1\maven-resolver-util-1.4.1.jar;C:\Users\mnola\.m2\repository\org\apache\maven\shared\maven-shared-utils\3.2.1\maven-shared-utils-3.2.1.jar;C:\Users\mnola\.m2\repository\com\google\inject\guice\4.2.1\guice-4.2.1-no_aop.jar;C:\Users\mnola\.m2\repository\com\google\guava\guava\29.0-jre\guava-29.0-jre.jar;C:\Users\mnola\.m2\repository\com\google\guava\failureaccess\1.0.1\failureaccess-1.0.1.jar;C:\Users\mnola\.m2\repository\com\google\guava\listenablefuture\9999.0-empty-to-avoid-conflict-with-guava\listenablefuture-9999.0-empty-to-avoid-conflict-with-guava.jar;C:\Users\mnola\.m2\repository\org\codehaus\plexus\plexus-utils\3.2.1\plexus-utils-3.2.1.jar;C:\Users\mnola\.m2\repository\org\codehaus\plexus\plexus-classworlds\2.5.2\plexus-classworlds-2.5.2.jar;C:\Users\mnola\.m2\repository\commons-cli\commons-cli\1.4\commons-cli-1.4.jar;C:\Users\mnola\.m2\repository\org\eclipse\sisu\org.eclipse.sisu.plexus\0.3.4\org.eclipse.sisu.plexus-0.3.4.jar;C:\Users\mnola\.m2\repository\org\apache\maven\maven-settings-builder\3.6.3\maven-settings-builder-3.6.3.jar;C:\Users\mnola\.m2\repository\org\codehaus\plexus\plexus-interpolation\1.25\plexus-interpolation-1.25.jar;C:\Users\mnola\.m2\repository\org\sonatype\plexus\plexus-sec-dispatcher\1.4\plexus-sec-dispatcher-1.4.jar;C:\Users\mnola\.m2\repository\org\sonatype\plexus\plexus-cipher\1.4\plexus-cipher-1.4.jar;C:\Users\mnola\.m2\repository\org\apache\maven\maven-resolver-provider\3.6.3\maven-resolver-provider-3.6.3.jar;C:\Users\mnola\.m2\repository\org\apache\maven\maven-repository-metadata\3.6.3\maven-repository-metadata-3.6.3.jar;C:\Users\mnola\.m2\repository\org\apache\maven\resolver\maven-resolver-spi\1.4.1\maven-resolver-spi-1.4.1.jar;C:\Users\mnola\.m2\repository\org\apache\maven\resolver\maven-resolver-impl\1.4.1\maven-resolver-impl-1.4.1.jar;C:\Users\mnola\.m2\repository\org\apache\maven\resolver\maven-resolver-connector-basic\1.4.1\maven-resolver-connector-basic-1.4.1.jar;C:\Users\mnola\.m2\repository\org\apache\maven\resolver\maven-resolver-transport-wagon\1.4.1\maven-resolver-transport-wagon-1.4.1.jar;C:\Users\mnola\.m2\repository\org\apache\maven\wagon\wagon-http\3.3.4\wagon-http-3.3.4.jar;C:\Users\mnola\.m2\repository\org\apache\maven\wagon\wagon-http-shared\3.3.4\wagon-http-shared-3.3.4.jar;C:\Users\mnola\.m2\repository\org\jsoup\jsoup\1.12.1\jsoup-1.12.1.jar;C:\Users\mnola\.m2\repository\org\apache\maven\wagon\wagon-provider-api\3.3.4\wagon-provider-api-3.3.4.jar;C:\Users\mnola\.m2\repository\org\apache\maven\wagon\wagon-file\3.3.4\wagon-file-3.3.4.jar;C:\Users\mnola\.m2\repository\io\quarkus\quarkus-bootstrap-gradle-resolver\1.9.2.Final\quarkus-bootstrap-gradle-resolver-1.9.2.Final.jar;C:\Users\mnola\.m2\repository\io\smallrye\common\smallrye-common-io\1.4.0\smallrye-common-io-1.4.0.jar;C:\Users\mnola\.m2\repository\org\eclipse\sisu\org.eclipse.sisu.inject\0.3.4\org.eclipse.sisu.inject-0.3.4.jar;C:\Users\mnola\.m2\repository\io\quarkus\quarkus-test-common\1.9.2.Final\quarkus-test-common-1.9.2.Final.jar;C:\Users\mnola\.m2\repository\io\quarkus\quarkus-core-deployment\1.9.2.Final\quarkus-core-deployment-1.9.2.Final.jar;C:\Users\mnola\.m2\repository\io\quarkus\gizmo\gizmo\1.0.4.Final\gizmo-1.0.4.Final.jar;C:\Users\mnola\.m2\repository\org\ow2\asm\asm-util\8.0.1\asm-util-8.0.1.jar;C:\Users\mnola\.m2\repository\org\ow2\asm\asm-tree\8.0.1\asm-tree-8.0.1.jar;C:\Users\mnola\.m2\repository\org\ow2\asm\asm-analysis\8.0.1\asm-analysis-8.0.1.jar;C:\Users\mnola\.m2\repository\io\quarkus\quarkus-devtools-utilities\1.9.2.Final\quarkus-devtools-utilities-1.9.2.Final.jar;C:\Users\mnola\.m2\repository\io\quarkus\quarkus-builder\1.9.2.Final\quarkus-builder-1.9.2.Final.jar;C:\Users\mnola\.m2\repository\io\quarkus\quarkus-jsonp-deployment\1.9.2.Final\quarkus-jsonp-deployment-1.9.2.Final.jar;C:\Users\mnola\.m2\repository\org\junit\jupiter\junit-jupiter\5.7.0\junit-jupiter-5.7.0.jar;C:\Users\mnola\.m2\repository\org\junit\jupiter\junit-jupiter-params\5.7.0\junit-jupiter-params-5.7.0.jar;C:\Users\mnola\.m2\repository\org\junit\jupiter\junit-jupiter-engine\5.7.0\junit-jupiter-engine-5.7.0.jar;C:\Users\mnola\.m2\repository\org\junit\platform\junit-platform-engine\1.7.0\junit-platform-engine-1.7.0.jar;C:\Users\mnola\.m2\repository\com\thoughtworks\xstream\xstream\1.4.11.1\xstream-1.4.11.1.jar;C:\Users\mnola\.m2\repository\xmlpull\xmlpull\1.1.3.1\xmlpull-1.1.3.1.jar;C:\Users\mnola\.m2\repository\xpp3\xpp3_min\1.1.4c\xpp3_min-1.1.4c.jar;C:\Users\mnola\.m2\repository\io\rest-assured\rest-assured\4.3.0\rest-assured-4.3.0.jar;C:\Users\mnola\.m2\repository\org\codehaus\groovy\groovy\3.0.5\groovy-3.0.5.jar;C:\Users\mnola\.m2\repository\org\codehaus\groovy\groovy-xml\3.0.2\groovy-xml-3.0.2.jar;C:\Users\mnola\.m2\repository\org\apache\httpcomponents\httpclient\4.5.13\httpclient-4.5.13.jar;C:\Users\mnola\.m2\repository\org\apache\httpcomponents\httpcore\4.4.13\httpcore-4.4.13.jar;C:\Users\mnola\.m2\repository\commons-logging\commons-logging\1.2\commons-logging-1.2.jar;C:\Users\mnola\.m2\repository\commons-codec\commons-codec\1.14\commons-codec-1.14.jar;C:\Users\mnola\.m2\repository\org\apache\httpcomponents\httpmime\4.5.13\httpmime-4.5.13.jar;C:\Users\mnola\.m2\repository\org\hamcrest\hamcrest\2.1\hamcrest-2.1.jar;C:\Users\mnola\.m2\repository\org\ccil\cowan\tagsoup\tagsoup\1.2.1\tagsoup-1.2.1.jar;C:\Users\mnola\.m2\repository\io\rest-assured\json-path\4.3.0\json-path-4.3.0.jar;C:\Users\mnola\.m2\repository\org\codehaus\groovy\groovy-json\3.0.5\groovy-json-3.0.5.jar;C:\Users\mnola\.m2\repository\io\rest-assured\rest-assured-common\4.3.0\rest-assured-common-4.3.0.jar;C:\Users\mnola\.m2\repository\io\rest-assured\xml-path\4.3.0\xml-path-4.3.0.jar;C:\Users\mnola\.m2\repository\org\apache\commons\commons-lang3\3.9\commons-lang3-3.9.jar;C:\Users\mnola\.m2\repository\jakarta\xml\bind\jakarta.xml.bind-api\2.3.2\jakarta.xml.bind-api-2.3.2.jar;C:\Users\mnola\.m2\repository\com\sun\xml\bind\jaxb-osgi\2.3.0.1\jaxb-osgi-2.3.0.1.jar;C:\Users\mnola\.m2\repository\org\apache\sling\org.apache.sling.javax.activation\0.1.0\org.apache.sling.javax.activation-0.1.0.jar;C:\Users\mnola\.m2\repository\javax\activation\activation\1.1.1\activation-1.1.1.jar;C:\Users\mnola\.m2\repository\io\quarkus\quarkus-vault\1.9.2.Final\quarkus-vault-1.9.2.Final.jar;C:\Users\mnola\.m2\repository\com\squareup\okhttp3\okhttp\3.14.9\okhttp-3.14.9.jar;C:\Users\mnola\.m2\repository\com\squareup\okio\okio\1.17.2\okio-1.17.2.jar;C:\Users\mnola\.m2\repository\io\quarkus\quarkus-vault-model\1.9.2.Final\quarkus-vault-model-1.9.2.Final.jar;C:\Users\mnola\.m2\repository\io\quarkus\quarkus-credentials\1.9.2.Final\quarkus-credentials-1.9.2.Final.jar;C:\Users\mnola\.m2\repository\io\quarkus\quarkus-smallrye-opentracing\1.9.2.Final\quarkus-smallrye-opentracing-1.9.2.Final.jar;C:\Users\mnola\.m2\repository\org\eclipse\microprofile\config\microprofile-config-api\1.4\microprofile-config-api-1.4.jar;C:\Users\mnola\.m2\repository\org\eclipse\microprofile\opentracing\microprofile-opentracing-api\1.3.3\microprofile-opentracing-api-1.3.3.jar;C:\Users\mnola\.m2\repository\io\smallrye\smallrye-opentracing\1.3.4\smallrye-opentracing-1.3.4.jar;C:\Users\mnola\.m2\repository\org\eclipse\microprofile\rest\client\microprofile-rest-client-api\1.4.1\microprofile-rest-client-api-1.4.1.jar;C:\Users\mnola\.m2\repository\io\opentracing\opentracing-api\0.31.0\opentracing-api-0.31.0.jar;C:\Users\mnola\.m2\repository\io\opentracing\contrib\opentracing-jaxrs2\0.4.1\opentracing-jaxrs2-0.4.1.jar;C:\Users\mnola\.m2\repository\io\opentracing\opentracing-noop\0.31.0\opentracing-noop-0.31.0.jar;C:\Users\mnola\.m2\repository\io\opentracing\contrib\opentracing-web-servlet-filter\0.2.3\opentracing-web-servlet-filter-0.2.3.jar;C:\Users\mnola\.m2\repository\io\opentracing\contrib\opentracing-concurrent\0.2.0\opentracing-concurrent-0.2.0.jar;C:\Users\mnola\.m2\repository\io\opentracing\contrib\opentracing-interceptors\0.0.4\opentracing-interceptors-0.0.4.jar;C:\Users\mnola\.m2\repository\io\opentracing\contrib\opentracing-tracerresolver\0.1.8\opentracing-tracerresolver-0.1.8.jar;C:\Users\mnola\.m2\repository\io\smallrye\smallrye-fault-tolerance-tracing-propagation\4.3.1\smallrye-fault-tolerance-tracing-propagation-4.3.1.jar;C:\Users\mnola\.m2\repository\jakarta\inject\jakarta.inject-api\1.0\jakarta.inject-api-1.0.jar;C:\Users\mnola\.m2\repository\io\quarkus\quarkus-jaeger\1.9.2.Final\quarkus-jaeger-1.9.2.Final.jar;C:\Users\mnola\.m2\repository\io\jaegertracing\jaeger-core\0.34.3\jaeger-core-0.34.3.jar;C:\Users\mnola\.m2\repository\io\opentracing\opentracing-util\0.31.0\opentracing-util-0.31.0.jar;C:\Users\mnola\.m2\repository\com\google\code\gson\gson\2.8.6\gson-2.8.6.jar;C:\Users\mnola\.m2\repository\io\jaegertracing\jaeger-thrift\0.34.3\jaeger-thrift-0.34.3.jar;C:\Users\mnola\.m2\repository\org\apache\thrift\libthrift\0.13.0\libthrift-0.13.0.jar;C:\Users\mnola\.m2\repository\jakarta\activation\jakarta.activation-api\1.2.1\jakarta.activation-api-1.2.1.jar;C:\Users\mnola\.m2\repository\io\quarkus\quarkus-jsonp\1.9.2.Final\quarkus-jsonp-1.9.2.Final.jar;C:\Users\mnola\.m2\repository\jakarta\servlet\jakarta.servlet-api\4.0.3\jakarta.servlet-api-4.0.3.jar;C:\Users\mnola\.m2\repository\io\quarkus\quarkus-smallrye-metrics\1.9.2.Final\quarkus-smallrye-metrics-1.9.2.Final.jar;C:\Users\mnola\.m2\repository\io\smallrye\smallrye-metrics\2.4.4\smallrye-metrics-2.4.4.jar;C:\Users\mnola\.m2\repository\io\smallrye\smallrye-metrics-api\2.4.4\smallrye-metrics-api-2.4.4.jar;C:\Users\mnola\.m2\repository\org\eclipse\microprofile\metrics\microprofile-metrics-api\2.3\microprofile-metrics-api-2.3.jar;C:\Users\mnola\.m2\repository\io\quarkus\quarkus-rest-client\1.9.2.Final\quarkus-rest-client-1.9.2.Final.jar;C:\Users\mnola\.m2\repository\io\quarkus\quarkus-resteasy-common\1.9.2.Final\quarkus-resteasy-common-1.9.2.Final.jar;C:\Users\mnola\.m2\repository\org\jboss\resteasy\resteasy-core\4.5.8.Final\resteasy-core-4.5.8.Final.jar;C:\Users\mnola\.m2\repository\org\jboss\spec\javax\ws\rs\jboss-jaxrs-api_2.1_spec\2.0.1.Final\jboss-jaxrs-api_2.1_spec-2.0.1.Final.jar;C:\Users\mnola\.m2\repository\org\jboss\resteasy\resteasy-core-spi\4.5.8.Final\resteasy-core-spi-4.5.8.Final.jar;C:\Users\mnola\.m2\repository\com\ibm\async\asyncutil\0.1.0\asyncutil-0.1.0.jar;C:\Users\mnola\.m2\repository\org\jboss\resteasy\resteasy-client-microprofile\4.5.8.Final\resteasy-client-microprofile-4.5.8.Final.jar;C:\Users\mnola\.m2\repository\org\jboss\resteasy\resteasy-client\4.5.8.Final\resteasy-client-4.5.8.Final.jar;C:\Users\mnola\.m2\repository\org\jboss\resteasy\resteasy-client-api\4.5.8.Final\resteasy-client-api-4.5.8.Final.jar;C:\Users\mnola\.m2\repository\jakarta\interceptor\jakarta.interceptor-api\1.2.5\jakarta.interceptor-api-1.2.5.jar;C:\Users\mnola\.m2\repository\org\apache\httpcomponents\httpasyncclient\4.1.4\httpasyncclient-4.1.4.jar;C:\Users\mnola\.m2\repository\org\apache\httpcomponents\httpcore-nio\4.4.13\httpcore-nio-4.4.13.jar;C:\Users\mnola\.m2\repository\org\jboss\logging\commons-logging-jboss-logging\1.0.0.Final\commons-logging-jboss-logging-1.0.0.Final.jar;C:\Users\mnola\.m2\repository\io\quarkus\quarkus-smallrye-openapi\1.9.2.Final\quarkus-smallrye-openapi-1.9.2.Final.jar;C:\Users\mnola\.m2\repository\io\smallrye\smallrye-open-api-core\2.0.10\smallrye-open-api-core-2.0.10.jar;C:\Users\mnola\.m2\repository\org\eclipse\microprofile\openapi\microprofile-openapi-api\1.1.2\microprofile-openapi-api-1.1.2.jar;C:\Users\mnola\.m2\repository\com\fasterxml\jackson\core\jackson-core\2.11.3\jackson-core-2.11.3.jar;C:\Users\mnola\.m2\repository\com\fasterxml\jackson\dataformat\jackson-dataformat-yaml\2.11.3\jackson-dataformat-yaml-2.11.3.jar;C:\Users\mnola\.m2\repository\org\yaml\snakeyaml\1.27\snakeyaml-1.27.jar;C:\Users\mnola\.m2\repository\io\quarkus\quarkus-swagger-ui\1.9.2.Final\quarkus-swagger-ui-1.9.2.Final.jar;C:\Users\mnola\.m2\repository\io\quarkus\quarkus-smallrye-health\1.9.2.Final\quarkus-smallrye-health-1.9.2.Final.jar;C:\Users\mnola\.m2\repository\io\smallrye\smallrye-health\2.2.3\smallrye-health-2.2.3.jar;C:\Users\mnola\.m2\repository\org\eclipse\microprofile\health\microprofile-health-api\2.2\microprofile-health-api-2.2.jar;C:\Users\mnola\.m2\repository\io\smallrye\smallrye-health-api\2.2.3\smallrye-health-api-2.2.3.jar;C:\Users\mnola\.m2\repository\io\smallrye\smallrye-health-ui\2.2.3\smallrye-health-ui-2.2.3.jar;C:\Users\mnola\.m2\repository\io\smallrye\smallrye-health-provided-checks\2.2.3\smallrye-health-provided-checks-2.2.3.jar;"/>
    <property name="sun.cpu.endian" value="little"/>
    <property name="user.home" value="C:\Users\mnola"/>
    <property name="user.language" value="es"/>
    <property name="java.specification.vendor" value="Oracle Corporation"/>
    <property name="java.version.date" value="2019-01-15"/>
    <property name="java.home" value="D:\Programas\Java\opendk-11.0.2"/>
    <property name="file.separator" value="\"/>
    <property name="basedir" value="D:\Workspaces\Eclipse\micro-service-retiro"/>
    <property name="java.vm.compressedOopsMode" value="Zero based"/>
    <property name="line.separator" value="&#10;"/>
    <property name="java.specification.name" value="Java Platform API Specification"/>
    <property name="java.vm.specification.vendor" value="Oracle Corporation"/>
    <property name="java.awt.graphicsenv" value="sun.awt.Win32GraphicsEnvironment"/>
    <property name="surefire.real.class.path" value="C:\Users\mnola\AppData\Local\Temp\surefire5770095802591630391\surefirebooter10076353628456918994.jar"/>
    <property name="user.script" value=""/>
    <property name="sun.management.compiler" value="HotSpot 64-Bit Tiered Compilers"/>
    <property name="java.runtime.version" value="11.0.2+9"/>
    <property name="user.name" value="mnola"/>
    <property name="path.separator" value=";"/>
    <property name="os.version" value="10.0"/>
    <property name="java.runtime.name" value="OpenJDK Runtime Environment"/>
    <property name="file.encoding" value="Cp1252"/>
    <property name="java.vm.name" value="OpenJDK 64-Bit Server VM"/>
    <property name="java.vendor.version" value="18.9"/>
    <property name="localRepository" value="C:\Users\mnola\.m2\repository"/>
    <property name="java.vendor.url.bug" value="http://bugreport.java.com/bugreport/"/>
    <property name="java.io.tmpdir" value="C:\Users\mnola\AppData\Local\Temp\"/>
    <property name="java.version" value="11.0.2"/>
    <property name="user.dir" value="D:\Workspaces\Eclipse\micro-service-retiro"/>
    <property name="os.arch" value="amd64"/>
    <property name="java.vm.specification.name" value="Java Virtual Machine Specification"/>
    <property name="java.awt.printerjob" value="sun.awt.windows.WPrinterJob"/>
    <property name="sun.os.patch.level" value=""/>
    <property name="java.util.logging.manager" value="org.jboss.logmanager.LogManager"/>
    <property name="java.library.path" value="D:\Programas\Java\opendk-11.0.2\bin;C:\WINDOWS\Sun\Java\bin;C:\WINDOWS\system32;C:\WINDOWS;D:/Programas/Java/opendk-11.0.2/bin/server;D:/Programas/Java/opendk-11.0.2/bin;C:\Program Files (x86)\Microsoft SDKs\Azure\CLI2\wbin;C:\Windows\system32;C:\Windows;C:\Windows\System32\Wbem;C:\Windows\System32\WindowsPowerShell\v1.0\;C:\Windows\System32\OpenSSH\;C:\Program Files (x86)\NVIDIA Corporation\PhysX\Common;C:\WINDOWS\system32;C:\WINDOWS;C:\WINDOWS\System32\Wbem;C:\WINDOWS\System32\WindowsPowerShell\v1.0\;C:\WINDOWS\System32\OpenSSH\;D:\Programas\NodeJS\;D:\Programas\Git\cmd;D:\Programas\Maven\apache-maven-3.6.3\bin;D:\Programas\Putty\;D:\Programas\VSCode\bin;C:\Program Files (x86)\Microsoft Visual Studio\2017\BuildTools\VC\Tools\MSVC\14.16.27023\bin\Hostx64\x64;C:\Program Files (x86)\Microsoft Visual Studio\2017\BuildTools\VC\Tools\MSVC\14.16.27023\bin\Hostx64\x64\cl.exe;D:\Programas\Java\opendk-11.0.2\bin;C:\Program Files (x86)\Microsoft SQL Server\150\DTS\Binn\;C:\Program Files\Azure Data Studio\bin;C:\Program Files\Microsoft SQL Server\Client SDK\ODBC\170\Tools\Binn\;C:\Program Files (x86)\Microsoft SQL Server\150\Tools\Binn\;C:\Program Files\Microsoft SQL Server\150\Tools\Binn\;C:\Program Files\Microsoft SQL Server\150\DTS\Binn\;C:\Program Files\Docker\Docker\resources\bin;C:\ProgramData\DockerDesktop\version-bin;D:\Programas\Amazon\AWSCLIV2\;D:\Programas\Amazon\AWSSAMCLI\bin\;D:\Programas\Python\Scripts\;D:\Programas\Python\;C:\Program Files\MySQL\MySQL Shell 8.0\bin\;C:\Users\mnola\AppData\Local\Microsoft\WindowsApps;C:\Users\mnola\AppData\Roaming\npm;;C:\Program Files\Azure Data Studio\bin;D:\Programas\Eclipse\jee-2020-09;;."/>
    <property name="java.vendor" value="Oracle Corporation"/>
    <property name="java.vm.info" value="mixed mode"/>
    <property name="java.vm.version" value="11.0.2+9"/>
    <property name="sun.io.unicode.encoding" value="UnicodeLittle"/>
    <property name="java.class.version" value="55.0"/>
  </properties>
  <testcase name="testHelloEndpoint" classname="org.acme.resteasy.HelloResourceTest" time="1.584"/>
</testsuite>